<?xml version="1.0" encoding="UTF-8"?>
<!-- Generated by org.testng.reporters.JUnitReportReporter -->
<testsuite skipped="0" hostname="MacBook-Air" name="com.PrintStatement.test.PrintHI" tests="1" failures="0" timestamp="15 Sep 2018 15:13:22 GMT" time="0.003" errors="0">
  <testcase name="MethodHi" time="0.003" classname="com.PrintStatement.test.PrintHI"/>
</testsuite> <!-- com.PrintStatement.test.PrintHI -->
