<?xml version="1.0" encoding="UTF-8"?>
<!-- Generated by org.testng.reporters.JUnitReportReporter -->
<testsuite skipped="0" hostname="MacBook-Air" name="com.PrintStatement.test.PrintHello" tests="1" failures="0" timestamp="15 Sep 2018 15:13:22 GMT" time="0.018" errors="0">
  <testcase name="MethodHello" time="0.018" classname="com.PrintStatement.test.PrintHello"/>
</testsuite> <!-- com.PrintStatement.test.PrintHello -->
