<?xml version="1.0" encoding="UTF-8"?>
<!-- Generated by org.testng.reporters.JUnitReportReporter -->
<testsuite skipped="0" hostname="MacBook-Air" name="com.PrintStatement.test.PrintHI" tests="1" failures="0" timestamp="16 Sep 2018 15:16:40 GMT" time="0.000" errors="0">
  <testcase name="MethodHi" time="0.000" classname="com.PrintStatement.test.PrintHI"/>
</testsuite> <!-- com.PrintStatement.test.PrintHI -->
